[08-Jun-2024 21:58:17 Europe/Berlin] Invalid input
[08-Jun-2024 21:58:17 Europe/Berlin] PHP Warning:  Undefined variable $conn in E:\MJDprograms\xampp\htdocs\login\get_invoices.php on line 31
[08-Jun-2024 21:58:17 Europe/Berlin] PHP Fatal error:  Uncaught Error: Call to a member function prepare() on null in E:\MJDprograms\xampp\htdocs\login\get_invoices.php:31
Stack trace:
#0 {main}
  thrown in E:\MJDprograms\xampp\htdocs\login\get_invoices.php on line 31
[08-Jun-2024 21:58:17 Europe/Berlin] Invalid input
[08-Jun-2024 21:58:17 Europe/Berlin] PHP Warning:  Undefined variable $conn in E:\MJDprograms\xampp\htdocs\login\get_invoices.php on line 31
[08-Jun-2024 21:58:17 Europe/Berlin] PHP Fatal error:  Uncaught Error: Call to a member function prepare() on null in E:\MJDprograms\xampp\htdocs\login\get_invoices.php:31
Stack trace:
#0 {main}
  thrown in E:\MJDprograms\xampp\htdocs\login\get_invoices.php on line 31
[08-Jun-2024 22:01:41 Europe/Berlin] Invalid input
[08-Jun-2024 22:01:41 Europe/Berlin] Invalid input
[08-Jun-2024 22:01:41 Europe/Berlin] PHP Warning:  Undefined variable $conn in E:\MJDprograms\xampp\htdocs\login\get_invoices.php on line 31
[08-Jun-2024 22:01:41 Europe/Berlin] PHP Fatal error:  Uncaught Error: Call to a member function prepare() on null in E:\MJDprograms\xampp\htdocs\login\get_invoices.php:31
Stack trace:
#0 {main}
  thrown in E:\MJDprograms\xampp\htdocs\login\get_invoices.php on line 31
[08-Jun-2024 22:01:41 Europe/Berlin] PHP Warning:  Undefined variable $conn in E:\MJDprograms\xampp\htdocs\login\get_invoices.php on line 31
[08-Jun-2024 22:01:41 Europe/Berlin] PHP Fatal error:  Uncaught Error: Call to a member function prepare() on null in E:\MJDprograms\xampp\htdocs\login\get_invoices.php:31
Stack trace:
#0 {main}
  thrown in E:\MJDprograms\xampp\htdocs\login\get_invoices.php on line 31
[08-Jun-2024 22:04:05 Europe/Berlin] Invalid input
[08-Jun-2024 22:04:05 Europe/Berlin] PHP Warning:  Undefined variable $conn in E:\MJDprograms\xampp\htdocs\login\get_invoices.php on line 31
[08-Jun-2024 22:04:05 Europe/Berlin] PHP Fatal error:  Uncaught Error: Call to a member function prepare() on null in E:\MJDprograms\xampp\htdocs\login\get_invoices.php:31
Stack trace:
#0 {main}
  thrown in E:\MJDprograms\xampp\htdocs\login\get_invoices.php on line 31
[08-Jun-2024 22:04:11 Europe/Berlin] Invalid input
[08-Jun-2024 22:04:11 Europe/Berlin] Invalid input
[08-Jun-2024 22:04:11 Europe/Berlin] PHP Warning:  Undefined variable $conn in E:\MJDprograms\xampp\htdocs\login\get_invoices.php on line 31
[08-Jun-2024 22:04:11 Europe/Berlin] PHP Fatal error:  Uncaught Error: Call to a member function prepare() on null in E:\MJDprograms\xampp\htdocs\login\get_invoices.php:31
Stack trace:
#0 {main}
  thrown in E:\MJDprograms\xampp\htdocs\login\get_invoices.php on line 31
[08-Jun-2024 22:04:11 Europe/Berlin] PHP Warning:  Undefined variable $conn in E:\MJDprograms\xampp\htdocs\login\get_invoices.php on line 31
[08-Jun-2024 22:04:11 Europe/Berlin] PHP Fatal error:  Uncaught Error: Call to a member function prepare() on null in E:\MJDprograms\xampp\htdocs\login\get_invoices.php:31
Stack trace:
#0 {main}
  thrown in E:\MJDprograms\xampp\htdocs\login\get_invoices.php on line 31
[08-Jun-2024 22:06:18 Europe/Berlin] Invalid input
[08-Jun-2024 22:06:18 Europe/Berlin] Invalid input
[08-Jun-2024 22:07:11 Europe/Berlin] Invalid input
[08-Jun-2024 22:07:11 Europe/Berlin] Invalid input
[08-Jun-2024 22:08:22 Europe/Berlin] Invalid input
[08-Jun-2024 22:08:22 Europe/Berlin] Invalid input
[08-Jun-2024 22:08:44 Europe/Berlin] Invalid input
[08-Jun-2024 22:08:44 Europe/Berlin] Invalid input
[08-Jun-2024 22:08:57 Europe/Berlin] Invalid input
[08-Jun-2024 22:08:57 Europe/Berlin] Invalid input
[08-Jun-2024 22:09:33 Europe/Berlin] Invalid input
[08-Jun-2024 22:09:33 Europe/Berlin] Invalid input
[08-Jun-2024 22:10:26 Europe/Berlin] Invalid input
[08-Jun-2024 22:10:26 Europe/Berlin] Invalid input
[08-Jun-2024 22:10:44 Europe/Berlin] Invalid input
[08-Jun-2024 22:10:44 Europe/Berlin] Invalid input
[08-Jun-2024 22:12:30 Europe/Berlin] Invalid input
[08-Jun-2024 22:12:30 Europe/Berlin] Invalid input
[08-Jun-2024 22:20:19 Europe/Berlin] Invalid input
[09-Jun-2024 01:28:25 Europe/Berlin] Invalid input
[09-Jun-2024 01:28:26 Europe/Berlin] Invalid input
[09-Jun-2024 01:28:57 Europe/Berlin] Invalid input
[09-Jun-2024 01:29:08 Europe/Berlin] Invalid input
[09-Jun-2024 01:29:20 Europe/Berlin] Invalid input
[09-Jun-2024 01:29:29 Europe/Berlin] Invalid input
[09-Jun-2024 01:29:38 Europe/Berlin] Invalid input
[09-Jun-2024 02:00:14 Europe/Berlin] Invalid input
[09-Jun-2024 02:00:14 Europe/Berlin] Invalid input
[09-Jun-2024 02:01:04 Europe/Berlin] Invalid input
[09-Jun-2024 02:01:04 Europe/Berlin] Invalid input
[09-Jun-2024 02:02:46 Europe/Berlin] Invalid input
[09-Jun-2024 02:07:30 Europe/Berlin] Invalid input
[09-Jun-2024 02:07:30 Europe/Berlin] Invalid input
[09-Jun-2024 02:08:28 Europe/Berlin] Invalid input
[09-Jun-2024 02:08:28 Europe/Berlin] Invalid input
[09-Jun-2024 02:10:24 Europe/Berlin] Invalid input
[09-Jun-2024 02:10:24 Europe/Berlin] Invalid input
[09-Jun-2024 02:12:02 Europe/Berlin] Invalid input
[09-Jun-2024 02:12:02 Europe/Berlin] Invalid input
[09-Jun-2024 02:13:27 Europe/Berlin] Invalid input
[09-Jun-2024 02:13:28 Europe/Berlin] Invalid input
[09-Jun-2024 02:18:14 Europe/Berlin] Invalid input
[09-Jun-2024 02:18:14 Europe/Berlin] Invalid input
[09-Jun-2024 02:20:27 Europe/Berlin] Invalid input
[09-Jun-2024 02:20:27 Europe/Berlin] Invalid input
[09-Jun-2024 02:21:10 Europe/Berlin] Invalid input
[09-Jun-2024 02:21:10 Europe/Berlin] Invalid input
[09-Jun-2024 02:21:47 Europe/Berlin] Invalid input
[09-Jun-2024 02:21:47 Europe/Berlin] Invalid input
[09-Jun-2024 02:25:12 Europe/Berlin] Invalid input
[09-Jun-2024 02:25:18 Europe/Berlin] Invalid input
[09-Jun-2024 02:52:51 Europe/Berlin] Invalid input
[09-Jun-2024 02:52:51 Europe/Berlin] Invalid input
[09-Jun-2024 02:53:12 Europe/Berlin] Invalid input
[09-Jun-2024 02:53:12 Europe/Berlin] Invalid input
[09-Jun-2024 02:53:44 Europe/Berlin] Invalid input
[09-Jun-2024 02:53:44 Europe/Berlin] Invalid input
[09-Jun-2024 14:04:59 Europe/Berlin] Invalid input
[09-Jun-2024 14:05:00 Europe/Berlin] Invalid input
[09-Jun-2024 14:05:22 Europe/Berlin] Invalid input
[09-Jun-2024 14:05:22 Europe/Berlin] Invalid input
[09-Jun-2024 14:05:30 Europe/Berlin] Invalid input
[09-Jun-2024 14:05:30 Europe/Berlin] Invalid input
[09-Jun-2024 14:06:49 Europe/Berlin] Invalid input
[09-Jun-2024 14:06:57 Europe/Berlin] Invalid input
[09-Jun-2024 14:07:05 Europe/Berlin] Invalid input
[09-Jun-2024 14:46:49 Europe/Berlin] Invalid input
[09-Jun-2024 14:46:49 Europe/Berlin] Invalid input
[09-Jun-2024 14:47:05 Europe/Berlin] Invalid input
[09-Jun-2024 14:47:05 Europe/Berlin] Invalid input
[09-Jun-2024 14:47:25 Europe/Berlin] Invalid input
[09-Jun-2024 14:47:25 Europe/Berlin] Invalid input
[09-Jun-2024 14:51:10 Europe/Berlin] Invalid input
[09-Jun-2024 14:51:10 Europe/Berlin] Invalid input
[09-Jun-2024 14:59:06 Europe/Berlin] Invalid input
[09-Jun-2024 14:59:06 Europe/Berlin] Invalid input
[09-Jun-2024 15:06:49 Europe/Berlin] Invalid input
[09-Jun-2024 15:06:49 Europe/Berlin] Invalid input
[09-Jun-2024 15:06:57 Europe/Berlin] Invalid input
[09-Jun-2024 15:06:57 Europe/Berlin] Invalid input
[09-Jun-2024 15:08:11 Europe/Berlin] Invalid input
[09-Jun-2024 15:08:11 Europe/Berlin] Invalid input
[09-Jun-2024 15:15:08 Europe/Berlin] Invalid input
[09-Jun-2024 15:15:08 Europe/Berlin] Invalid input
[09-Jun-2024 15:15:46 Europe/Berlin] Invalid input
[09-Jun-2024 15:15:46 Europe/Berlin] Invalid input
[09-Jun-2024 15:16:09 Europe/Berlin] Invalid input
[09-Jun-2024 15:16:09 Europe/Berlin] Invalid input
[09-Jun-2024 15:43:01 Europe/Berlin] Invalid input
[09-Jun-2024 15:43:01 Europe/Berlin] Invalid input
[09-Jun-2024 15:44:00 Europe/Berlin] Invalid input
[09-Jun-2024 15:44:00 Europe/Berlin] Invalid input
[09-Jun-2024 15:44:12 Europe/Berlin] Invalid input
[09-Jun-2024 15:44:12 Europe/Berlin] Invalid input
[09-Jun-2024 15:44:27 Europe/Berlin] Invalid input
[09-Jun-2024 15:44:27 Europe/Berlin] Invalid input
[09-Jun-2024 16:07:52 Europe/Berlin] Invalid input
[09-Jun-2024 16:07:52 Europe/Berlin] Invalid input
[09-Jun-2024 16:08:56 Europe/Berlin] Invalid input
[09-Jun-2024 16:08:56 Europe/Berlin] Invalid input
[09-Jun-2024 16:25:20 Europe/Berlin] Invalid input
[09-Jun-2024 16:25:20 Europe/Berlin] Invalid input
[09-Jun-2024 16:26:04 Europe/Berlin] Invalid input
[09-Jun-2024 16:26:04 Europe/Berlin] Invalid input
[09-Jun-2024 16:26:26 Europe/Berlin] Invalid input
[09-Jun-2024 16:26:26 Europe/Berlin] Invalid input
[09-Jun-2024 16:26:49 Europe/Berlin] Invalid input
[09-Jun-2024 16:26:49 Europe/Berlin] Invalid input
[09-Jun-2024 16:28:56 Europe/Berlin] Invalid input
[09-Jun-2024 16:28:56 Europe/Berlin] Invalid input
[09-Jun-2024 16:42:23 Europe/Berlin] Invalid input
[09-Jun-2024 16:42:23 Europe/Berlin] Invalid input
[09-Jun-2024 16:42:44 Europe/Berlin] Invalid input
[09-Jun-2024 16:42:44 Europe/Berlin] Invalid input
[09-Jun-2024 19:11:19 Europe/Berlin] Invalid input
[09-Jun-2024 19:11:35 Europe/Berlin] Invalid input
[09-Jun-2024 19:11:41 Europe/Berlin] Invalid input
[09-Jun-2024 19:11:41 Europe/Berlin] Invalid input
[09-Jun-2024 19:15:25 Europe/Berlin] Invalid input
[09-Jun-2024 19:15:25 Europe/Berlin] Invalid input
[09-Jun-2024 19:17:31 Europe/Berlin] Invalid input
[09-Jun-2024 19:42:40 Europe/Berlin] Invalid input
[09-Jun-2024 19:42:40 Europe/Berlin] Invalid input
[09-Jun-2024 19:43:26 Europe/Berlin] Invalid input
[09-Jun-2024 19:43:26 Europe/Berlin] Invalid input
[09-Jun-2024 19:43:59 Europe/Berlin] Invalid input
[09-Jun-2024 19:43:59 Europe/Berlin] Invalid input
[09-Jun-2024 19:47:16 Europe/Berlin] Invalid input
[09-Jun-2024 19:47:16 Europe/Berlin] Invalid input
[09-Jun-2024 20:13:47 Europe/Berlin] Invalid input
[09-Jun-2024 20:13:47 Europe/Berlin] Invalid input
[10-Jun-2024 16:03:03 Europe/Berlin] Invalid input
[10-Jun-2024 16:03:03 Europe/Berlin] Invalid input
[10-Jun-2024 16:04:50 Europe/Berlin] Invalid input
[10-Jun-2024 16:04:50 Europe/Berlin] Invalid input
[10-Jun-2024 20:13:37 Europe/Berlin] Invalid input
[10-Jun-2024 20:13:38 Europe/Berlin] Invalid input
[10-Jun-2024 20:38:25 Europe/Berlin] Invalid input
[10-Jun-2024 20:38:25 Europe/Berlin] Invalid input
[10-Jun-2024 20:38:58 Europe/Berlin] Invalid input
[10-Jun-2024 20:38:58 Europe/Berlin] Invalid input
[10-Jun-2024 20:43:52 Europe/Berlin] Invalid input
[10-Jun-2024 20:43:52 Europe/Berlin] Invalid input
[10-Jun-2024 20:44:06 Europe/Berlin] Invalid input
[10-Jun-2024 20:44:38 Europe/Berlin] Invalid input
[10-Jun-2024 20:44:38 Europe/Berlin] Invalid input
[10-Jun-2024 20:45:21 Europe/Berlin] Invalid input
[10-Jun-2024 20:45:21 Europe/Berlin] Invalid input
[10-Jun-2024 20:46:47 Europe/Berlin] Invalid input
[10-Jun-2024 20:46:47 Europe/Berlin] Invalid input
[10-Jun-2024 20:49:34 Europe/Berlin] Invalid input
[10-Jun-2024 20:49:34 Europe/Berlin] Invalid input
[10-Jun-2024 20:52:10 Europe/Berlin] Invalid input
[10-Jun-2024 20:52:10 Europe/Berlin] Invalid input
[10-Jun-2024 20:54:32 Europe/Berlin] Invalid input
[10-Jun-2024 20:54:32 Europe/Berlin] Invalid input
[10-Jun-2024 20:57:32 Europe/Berlin] Invalid input
[10-Jun-2024 20:57:32 Europe/Berlin] Invalid input
[10-Jun-2024 20:57:43 Europe/Berlin] Invalid input
[10-Jun-2024 20:57:43 Europe/Berlin] Invalid input
[10-Jun-2024 20:58:10 Europe/Berlin] Invalid input
[10-Jun-2024 20:58:10 Europe/Berlin] Invalid input
[10-Jun-2024 21:21:08 Europe/Berlin] Invalid input
[10-Jun-2024 21:21:08 Europe/Berlin] Invalid input
[10-Jun-2024 21:22:53 Europe/Berlin] Invalid input
[10-Jun-2024 21:22:53 Europe/Berlin] Invalid input
[10-Jun-2024 21:25:15 Europe/Berlin] Invalid input
[10-Jun-2024 21:25:15 Europe/Berlin] Invalid input
[10-Jun-2024 21:26:59 Europe/Berlin] Invalid input
[10-Jun-2024 21:26:59 Europe/Berlin] Invalid input
[10-Jun-2024 21:27:10 Europe/Berlin] Invalid input
[10-Jun-2024 21:27:10 Europe/Berlin] Invalid input
[10-Jun-2024 21:45:43 Europe/Berlin] Invalid input
[10-Jun-2024 21:47:58 Europe/Berlin] Invalid input
[10-Jun-2024 21:47:58 Europe/Berlin] Invalid input
[10-Jun-2024 21:49:12 Europe/Berlin] Invalid input
[10-Jun-2024 21:49:12 Europe/Berlin] Invalid input
[10-Jun-2024 21:52:21 Europe/Berlin] Invalid input
[10-Jun-2024 21:52:21 Europe/Berlin] Invalid input
[10-Jun-2024 21:55:25 Europe/Berlin] Invalid input
[10-Jun-2024 21:55:25 Europe/Berlin] Invalid input
[10-Jun-2024 21:57:13 Europe/Berlin] Invalid input
[10-Jun-2024 21:57:13 Europe/Berlin] Invalid input
[10-Jun-2024 21:57:20 Europe/Berlin] Invalid input
[10-Jun-2024 21:57:20 Europe/Berlin] Invalid input
[10-Jun-2024 22:01:45 Europe/Berlin] Invalid input
[10-Jun-2024 22:01:45 Europe/Berlin] Invalid input
[10-Jun-2024 22:02:12 Europe/Berlin] Invalid input
[10-Jun-2024 22:02:12 Europe/Berlin] Invalid input
[10-Jun-2024 22:05:53 Europe/Berlin] Invalid input
[10-Jun-2024 22:05:53 Europe/Berlin] Invalid input
[10-Jun-2024 22:09:54 Europe/Berlin] Invalid input
[10-Jun-2024 22:10:05 Europe/Berlin] Invalid input
[10-Jun-2024 22:10:05 Europe/Berlin] Invalid input
[10-Jun-2024 22:10:11 Europe/Berlin] Invalid input
[10-Jun-2024 22:10:37 Europe/Berlin] Invalid input
[10-Jun-2024 22:10:53 Europe/Berlin] Invalid input
[10-Jun-2024 22:10:53 Europe/Berlin] Invalid input
[10-Jun-2024 22:11:13 Europe/Berlin] Invalid input
[10-Jun-2024 22:11:13 Europe/Berlin] Invalid input
[11-Jun-2024 01:00:02 Europe/Berlin] Invalid input
[11-Jun-2024 01:00:02 Europe/Berlin] Invalid input
[11-Jun-2024 03:03:28 Europe/Berlin] Invalid input
[11-Jun-2024 03:03:28 Europe/Berlin] Invalid input
[11-Jun-2024 03:23:50 Europe/Berlin] Invalid input
[11-Jun-2024 03:23:50 Europe/Berlin] Invalid input
[11-Jun-2024 03:24:11 Europe/Berlin] Invalid input
[11-Jun-2024 03:24:11 Europe/Berlin] Invalid input
[11-Jun-2024 03:26:49 Europe/Berlin] Invalid input
[11-Jun-2024 03:30:58 Europe/Berlin] Invalid input
[11-Jun-2024 03:31:04 Europe/Berlin] Invalid input
[11-Jun-2024 03:31:04 Europe/Berlin] Invalid input
[11-Jun-2024 03:41:51 Europe/Berlin] Invalid input
[11-Jun-2024 03:41:51 Europe/Berlin] Invalid input
[11-Jun-2024 03:43:44 Europe/Berlin] Invalid input
[11-Jun-2024 03:43:44 Europe/Berlin] Invalid input
[11-Jun-2024 03:44:32 Europe/Berlin] Invalid input
[11-Jun-2024 03:44:32 Europe/Berlin] Invalid input
[11-Jun-2024 03:44:42 Europe/Berlin] Invalid input
[11-Jun-2024 03:44:42 Europe/Berlin] Invalid input
[11-Jun-2024 03:45:18 Europe/Berlin] Invalid input
[11-Jun-2024 03:45:18 Europe/Berlin] Invalid input
[11-Jun-2024 19:39:47 Europe/Berlin] Invalid input
[11-Jun-2024 19:39:47 Europe/Berlin] Invalid input
[11-Jun-2024 19:42:02 Europe/Berlin] Invalid input
[11-Jun-2024 19:42:02 Europe/Berlin] Invalid input
[11-Jun-2024 19:42:23 Europe/Berlin] Invalid input
[11-Jun-2024 19:42:23 Europe/Berlin] Invalid input
[11-Jun-2024 19:43:51 Europe/Berlin] Invalid input
[11-Jun-2024 19:43:51 Europe/Berlin] Invalid input
[11-Jun-2024 19:44:11 Europe/Berlin] Invalid input
[11-Jun-2024 19:44:11 Europe/Berlin] Invalid input
[11-Jun-2024 19:44:51 Europe/Berlin] Invalid input
[11-Jun-2024 19:44:51 Europe/Berlin] Invalid input
[11-Jun-2024 19:48:06 Europe/Berlin] Invalid input
[11-Jun-2024 19:48:06 Europe/Berlin] Invalid input
[11-Jun-2024 20:12:35 Europe/Berlin] Invalid input
[11-Jun-2024 20:12:35 Europe/Berlin] Invalid input
[11-Jun-2024 20:13:27 Europe/Berlin] Invalid input
[11-Jun-2024 20:13:27 Europe/Berlin] Invalid input
[11-Jun-2024 20:16:33 Europe/Berlin] Invalid input
[11-Jun-2024 20:16:44 Europe/Berlin] Invalid input
[11-Jun-2024 20:16:44 Europe/Berlin] Invalid input
[11-Jun-2024 20:29:51 Europe/Berlin] Invalid input
[11-Jun-2024 20:29:51 Europe/Berlin] Invalid input
[11-Jun-2024 20:30:39 Europe/Berlin] Invalid input
[11-Jun-2024 20:30:39 Europe/Berlin] Invalid input
[11-Jun-2024 20:34:28 Europe/Berlin] Invalid input
[11-Jun-2024 20:39:16 Europe/Berlin] Invalid input
[11-Jun-2024 20:39:16 Europe/Berlin] Invalid input
[11-Jun-2024 20:39:22 Europe/Berlin] Invalid input
[11-Jun-2024 20:39:22 Europe/Berlin] Invalid input
[11-Jun-2024 20:43:15 Europe/Berlin] Invalid input
[11-Jun-2024 20:47:37 Europe/Berlin] Invalid input
[11-Jun-2024 20:49:18 Europe/Berlin] Invalid input
[11-Jun-2024 20:49:25 Europe/Berlin] Invalid input
[11-Jun-2024 20:49:25 Europe/Berlin] Invalid input
[11-Jun-2024 20:51:06 Europe/Berlin] Invalid input
[11-Jun-2024 20:51:22 Europe/Berlin] Invalid input
[11-Jun-2024 20:51:36 Europe/Berlin] Invalid input
[11-Jun-2024 20:52:13 Europe/Berlin] Invalid input
[11-Jun-2024 21:02:47 Europe/Berlin] Invalid input
[11-Jun-2024 21:02:47 Europe/Berlin] Invalid input
[11-Jun-2024 21:03:07 Europe/Berlin] Invalid input
[11-Jun-2024 21:03:13 Europe/Berlin] Invalid input
[11-Jun-2024 21:03:13 Europe/Berlin] Invalid input
[11-Jun-2024 21:03:39 Europe/Berlin] Invalid input
[11-Jun-2024 21:03:39 Europe/Berlin] Invalid input
[11-Jun-2024 21:04:43 Europe/Berlin] Invalid input
[11-Jun-2024 21:04:50 Europe/Berlin] Invalid input
[11-Jun-2024 21:04:50 Europe/Berlin] Invalid input
[11-Jun-2024 21:07:28 Europe/Berlin] Invalid input
[11-Jun-2024 21:07:46 Europe/Berlin] Invalid input
[11-Jun-2024 21:07:46 Europe/Berlin] Invalid input
[11-Jun-2024 21:10:42 Europe/Berlin] Invalid input
[11-Jun-2024 21:10:42 Europe/Berlin] Invalid input
[12-Jun-2024 02:39:36 Europe/Berlin] Invalid input
[12-Jun-2024 02:39:36 Europe/Berlin] Invalid input
[12-Jun-2024 02:43:25 Europe/Berlin] Invalid input
[12-Jun-2024 02:43:25 Europe/Berlin] Invalid input
[12-Jun-2024 02:44:30 Europe/Berlin] Invalid input
[12-Jun-2024 02:44:30 Europe/Berlin] Invalid input
[12-Jun-2024 02:51:08 Europe/Berlin] Invalid input
[12-Jun-2024 02:51:08 Europe/Berlin] Invalid input
[12-Jun-2024 02:51:29 Europe/Berlin] Invalid input
[12-Jun-2024 02:51:29 Europe/Berlin] Invalid input
[12-Jun-2024 02:52:32 Europe/Berlin] Invalid input
[12-Jun-2024 03:07:26 Europe/Berlin] Invalid input
[12-Jun-2024 03:07:26 Europe/Berlin] Invalid input
[12-Jun-2024 03:07:41 Europe/Berlin] Invalid input
[12-Jun-2024 03:08:31 Europe/Berlin] Invalid input
[12-Jun-2024 03:08:31 Europe/Berlin] Invalid input
[12-Jun-2024 03:09:48 Europe/Berlin] Invalid input
[12-Jun-2024 03:09:48 Europe/Berlin] Invalid input
[12-Jun-2024 03:12:55 Europe/Berlin] Invalid input
[12-Jun-2024 03:12:55 Europe/Berlin] Invalid input
[12-Jun-2024 03:13:20 Europe/Berlin] Invalid input
[12-Jun-2024 03:13:20 Europe/Berlin] Invalid input
[12-Jun-2024 03:34:17 Europe/Berlin] Invalid input
[12-Jun-2024 03:35:34 Europe/Berlin] Invalid input
[12-Jun-2024 03:35:34 Europe/Berlin] Invalid input
[12-Jun-2024 03:36:23 Europe/Berlin] Invalid input
[12-Jun-2024 03:43:46 Europe/Berlin] Invalid input
[12-Jun-2024 03:43:46 Europe/Berlin] Invalid input
[12-Jun-2024 15:48:13 Europe/Berlin] Invalid input
[12-Jun-2024 15:48:13 Europe/Berlin] Invalid input
[12-Jun-2024 15:52:49 Europe/Berlin] Invalid input
[12-Jun-2024 15:52:49 Europe/Berlin] Invalid input
[12-Jun-2024 15:54:14 Europe/Berlin] Invalid input
[12-Jun-2024 15:54:20 Europe/Berlin] Invalid input
[12-Jun-2024 15:55:32 Europe/Berlin] Invalid input
[12-Jun-2024 15:55:32 Europe/Berlin] Invalid input
[12-Jun-2024 16:11:28 Europe/Berlin] Invalid input
[12-Jun-2024 16:11:28 Europe/Berlin] Invalid input
[12-Jun-2024 16:14:06 Europe/Berlin] Invalid input
[12-Jun-2024 16:14:06 Europe/Berlin] Invalid input
[12-Jun-2024 16:14:50 Europe/Berlin] Invalid input
[12-Jun-2024 16:14:50 Europe/Berlin] Invalid input
[12-Jun-2024 16:15:00 Europe/Berlin] Invalid input
[12-Jun-2024 16:15:00 Europe/Berlin] Invalid input
[12-Jun-2024 16:25:06 Europe/Berlin] Invalid input
[12-Jun-2024 16:25:06 Europe/Berlin] Invalid input
[13-Jun-2024 17:48:53 Europe/Berlin] Invalid input
[13-Jun-2024 17:48:53 Europe/Berlin] Invalid input
[13-Jun-2024 17:54:23 Europe/Berlin] Invalid input
[13-Jun-2024 17:54:23 Europe/Berlin] Invalid input
[13-Jun-2024 18:08:13 Europe/Berlin] Invalid input
[13-Jun-2024 18:08:13 Europe/Berlin] Invalid input
[13-Jun-2024 18:08:21 Europe/Berlin] Invalid input
[13-Jun-2024 18:08:21 Europe/Berlin] Invalid input
[13-Jun-2024 18:08:45 Europe/Berlin] Invalid input
[13-Jun-2024 18:08:45 Europe/Berlin] Invalid input
[13-Jun-2024 18:11:08 Europe/Berlin] Invalid input
[13-Jun-2024 18:11:08 Europe/Berlin] Invalid input
[13-Jun-2024 18:20:41 Europe/Berlin] Invalid input
[13-Jun-2024 18:20:42 Europe/Berlin] Invalid input
[13-Jun-2024 18:22:59 Europe/Berlin] Invalid input
[13-Jun-2024 18:22:59 Europe/Berlin] Invalid input
[13-Jun-2024 18:23:36 Europe/Berlin] Invalid input
[13-Jun-2024 18:23:36 Europe/Berlin] Invalid input
[13-Jun-2024 19:16:32 Europe/Berlin] Invalid input
[14-Jun-2024 20:59:26 Europe/Berlin] Invalid input
[14-Jun-2024 20:59:26 Europe/Berlin] Invalid input
[16-Jun-2024 17:15:15 Europe/Berlin] Invalid input
[16-Jun-2024 17:15:15 Europe/Berlin] Invalid input
[16-Jun-2024 18:46:03 Europe/Berlin] Invalid input
[16-Jun-2024 18:46:03 Europe/Berlin] Invalid input
[17-Jun-2024 13:47:57 Europe/Berlin] Invalid input
[17-Jun-2024 13:47:57 Europe/Berlin] Invalid input
[17-Jun-2024 14:07:36 Europe/Berlin] Invalid input
[17-Jun-2024 14:07:36 Europe/Berlin] Invalid input
[17-Jun-2024 22:16:23 Europe/Berlin] Invalid input
[17-Jun-2024 22:16:23 Europe/Berlin] Invalid input
[17-Jun-2024 22:17:58 Europe/Berlin] Invalid input
[17-Jun-2024 22:17:58 Europe/Berlin] Invalid input
[18-Jun-2024 18:21:37 Europe/Berlin] Invalid input
[18-Jun-2024 18:21:37 Europe/Berlin] Invalid input
[18-Jun-2024 19:13:04 Europe/Berlin] Invalid input
[18-Jun-2024 19:13:04 Europe/Berlin] Invalid input
[18-Jun-2024 22:22:40 Europe/Berlin] Invalid input
[18-Jun-2024 22:22:40 Europe/Berlin] Invalid input
[19-Jun-2024 06:26:53 Europe/Berlin] Invalid input
[19-Jun-2024 06:26:53 Europe/Berlin] Invalid input
[24-Jun-2024 16:16:18 Europe/Berlin] Invalid input
[24-Jun-2024 16:16:18 Europe/Berlin] Invalid input
[24-Jun-2024 16:19:55 Europe/Berlin] Invalid input
[24-Jun-2024 16:19:55 Europe/Berlin] Invalid input
[25-Jun-2024 12:04:42 Europe/Berlin] Invalid input
[25-Jun-2024 12:04:42 Europe/Berlin] Invalid input
[25-Jun-2024 12:05:51 Europe/Berlin] Invalid input
[25-Jun-2024 12:05:51 Europe/Berlin] Invalid input
[26-Jun-2024 11:45:39 Europe/Berlin] Invalid input
[26-Jun-2024 11:45:39 Europe/Berlin] Invalid input
[26-Jun-2024 11:46:30 Europe/Berlin] Invalid input
[26-Jun-2024 11:46:30 Europe/Berlin] Invalid input
[26-Jun-2024 12:07:04 Europe/Berlin] Invalid input
[26-Jun-2024 12:07:04 Europe/Berlin] Invalid input
[26-Jun-2024 12:08:33 Europe/Berlin] Invalid input
[26-Jun-2024 12:08:33 Europe/Berlin] Invalid input
[26-Jun-2024 12:25:09 Europe/Berlin] Invalid input
[26-Jun-2024 12:25:09 Europe/Berlin] Invalid input
[26-Jun-2024 13:28:41 Europe/Berlin] Invalid input
[26-Jun-2024 13:28:41 Europe/Berlin] Invalid input
[26-Jun-2024 13:30:31 Europe/Berlin] Invalid input
[26-Jun-2024 13:30:31 Europe/Berlin] Invalid input
[26-Jun-2024 13:32:07 Europe/Berlin] Invalid input
[26-Jun-2024 13:32:07 Europe/Berlin] Invalid input
[26-Jun-2024 14:35:17 Europe/Berlin] Invalid input
[26-Jun-2024 14:35:17 Europe/Berlin] Invalid input
[26-Jun-2024 14:36:49 Europe/Berlin] Invalid input
[26-Jun-2024 14:36:49 Europe/Berlin] Invalid input
[27-Jun-2024 01:12:37 Europe/Berlin] Invalid input
[27-Jun-2024 01:12:37 Europe/Berlin] Invalid input
[27-Jun-2024 01:14:47 Europe/Berlin] Invalid input
[27-Jun-2024 01:14:47 Europe/Berlin] Invalid input
[27-Jun-2024 01:55:05 Europe/Berlin] Invalid input
[27-Jun-2024 01:55:05 Europe/Berlin] Invalid input
[27-Jun-2024 01:55:20 Europe/Berlin] Invalid input
[27-Jun-2024 01:55:20 Europe/Berlin] Invalid input
[27-Jun-2024 02:08:00 Europe/Berlin] Invalid input
[27-Jun-2024 02:08:00 Europe/Berlin] Invalid input
[27-Jun-2024 02:09:49 Europe/Berlin] Invalid input
[27-Jun-2024 02:09:50 Europe/Berlin] Invalid input
[27-Jun-2024 02:10:30 Europe/Berlin] Invalid input
[27-Jun-2024 02:10:30 Europe/Berlin] Invalid input
[27-Jun-2024 02:11:24 Europe/Berlin] Invalid input
[27-Jun-2024 02:11:24 Europe/Berlin] Invalid input
[27-Jun-2024 02:11:52 Europe/Berlin] Invalid input
[27-Jun-2024 02:11:52 Europe/Berlin] Invalid input
[27-Jun-2024 10:51:58 Europe/Berlin] Invalid input
[27-Jun-2024 10:51:58 Europe/Berlin] Invalid input
[27-Jun-2024 14:10:36 Europe/Berlin] Invalid input
[27-Jun-2024 14:10:36 Europe/Berlin] Invalid input
[27-Jun-2024 14:11:02 Europe/Berlin] Invalid input
[27-Jun-2024 14:11:02 Europe/Berlin] Invalid input
[27-Jun-2024 17:19:37 Europe/Berlin] Invalid input
[27-Jun-2024 17:19:37 Europe/Berlin] Invalid input
[27-Jun-2024 17:20:50 Europe/Berlin] Invalid input
[27-Jun-2024 17:20:50 Europe/Berlin] Invalid input
[27-Jun-2024 17:21:41 Europe/Berlin] Invalid input
[28-Jun-2024 01:11:33 Europe/Berlin] Invalid input
[28-Jun-2024 01:11:33 Europe/Berlin] Invalid input
[30-Jun-2024 21:16:20 Europe/Berlin] Invalid input
[30-Jun-2024 21:16:20 Europe/Berlin] Invalid input
[05-Sep-2024 14:22:44 Europe/Berlin] Invalid input
[05-Sep-2024 14:22:44 Europe/Berlin] Invalid input
[05-Sep-2024 14:23:32 Europe/Berlin] Invalid input
[05-Sep-2024 14:23:32 Europe/Berlin] Invalid input
[05-Sep-2024 14:27:46 Europe/Berlin] Invalid input
[05-Sep-2024 14:27:46 Europe/Berlin] Invalid input
[14-Sep-2024 16:58:22 Europe/Berlin] Invalid input
[14-Sep-2024 16:58:22 Europe/Berlin] Invalid input
[14-Sep-2024 17:59:04 Europe/Berlin] Invalid input
[14-Sep-2024 17:59:04 Europe/Berlin] Invalid input
[14-Sep-2024 17:59:18 Europe/Berlin] Invalid input
[14-Sep-2024 17:59:18 Europe/Berlin] Invalid input
[14-Sep-2024 17:59:18 Europe/Berlin] Email is required
[14-Sep-2024 17:59:18 Europe/Berlin] Email is required
[14-Sep-2024 17:59:22 Europe/Berlin] Email is required
[14-Sep-2024 17:59:22 Europe/Berlin] Email is required
[14-Sep-2024 17:59:43 Europe/Berlin] Invalid input
[14-Sep-2024 17:59:43 Europe/Berlin] Invalid input
[15-Sep-2024 14:00:24 Europe/Berlin] Invalid input
[15-Sep-2024 14:00:24 Europe/Berlin] Invalid input
[16-Sep-2024 15:55:07 Europe/Berlin] Invalid input
[16-Sep-2024 15:55:07 Europe/Berlin] Invalid input
[16-Sep-2024 18:18:37 Europe/Berlin] Invalid input
[16-Sep-2024 18:18:37 Europe/Berlin] Invalid input
[16-Sep-2024 18:30:46 Europe/Berlin] Invalid input
[16-Sep-2024 18:30:46 Europe/Berlin] Invalid input
[16-Sep-2024 18:42:56 Europe/Berlin] Invalid input
[16-Sep-2024 18:42:56 Europe/Berlin] Invalid input
[16-Sep-2024 22:20:04 Europe/Berlin] Invalid input
[16-Sep-2024 22:20:04 Europe/Berlin] Invalid input
[17-Sep-2024 14:02:42 Europe/Berlin] Invalid input
[17-Sep-2024 14:02:42 Europe/Berlin] Invalid input
[17-Sep-2024 14:14:29 Europe/Berlin] Invalid input
[17-Sep-2024 14:14:29 Europe/Berlin] Invalid input
[17-Sep-2024 14:50:32 Europe/Berlin] Invalid input
[17-Sep-2024 14:50:32 Europe/Berlin] Invalid input
[17-Sep-2024 14:57:42 Europe/Berlin] Invalid input
[17-Sep-2024 14:57:42 Europe/Berlin] Invalid input
[17-Sep-2024 21:12:09 Europe/Berlin] Invalid input
[17-Sep-2024 21:12:10 Europe/Berlin] Invalid input
[18-Sep-2024 14:01:44 Europe/Berlin] Invalid input
[18-Sep-2024 14:01:44 Europe/Berlin] Invalid input
[18-Sep-2024 14:29:10 Europe/Berlin] Invalid input
[18-Sep-2024 14:29:10 Europe/Berlin] Invalid input
[18-Sep-2024 14:51:20 Europe/Berlin] Invalid input
[18-Sep-2024 14:51:20 Europe/Berlin] Invalid input
[18-Sep-2024 14:56:26 Europe/Berlin] Invalid input
[18-Sep-2024 14:56:26 Europe/Berlin] Invalid input
[18-Sep-2024 15:00:42 Europe/Berlin] Invalid input
[18-Sep-2024 15:00:42 Europe/Berlin] Invalid input
[18-Sep-2024 15:05:40 Europe/Berlin] Invalid input
[18-Sep-2024 15:05:40 Europe/Berlin] Invalid input
[18-Sep-2024 18:58:17 Europe/Berlin] Invalid input
[18-Sep-2024 18:58:17 Europe/Berlin] Invalid input
[18-Sep-2024 19:06:31 Europe/Berlin] Invalid input
[18-Sep-2024 19:06:31 Europe/Berlin] Invalid input
[18-Sep-2024 19:17:08 Europe/Berlin] Invalid input
[18-Sep-2024 19:17:08 Europe/Berlin] Invalid input
[18-Sep-2024 19:18:32 Europe/Berlin] Invalid input
[18-Sep-2024 19:18:32 Europe/Berlin] Invalid input
[18-Sep-2024 19:18:40 Europe/Berlin] Invalid input
[18-Sep-2024 19:18:40 Europe/Berlin] Invalid input
[19-Sep-2024 19:10:23 Europe/Berlin] Invalid input
[19-Sep-2024 19:10:23 Europe/Berlin] Invalid input
[21-Sep-2024 16:23:46 Europe/Berlin] Invalid input
[21-Sep-2024 16:23:46 Europe/Berlin] Invalid input
[21-Sep-2024 16:52:15 Europe/Berlin] Invalid input
[21-Sep-2024 16:52:15 Europe/Berlin] Invalid input
[21-Sep-2024 16:52:56 Europe/Berlin] Invalid input
[21-Sep-2024 16:52:56 Europe/Berlin] Invalid input
[21-Sep-2024 19:07:57 Europe/Berlin] Invalid input
[21-Sep-2024 19:07:57 Europe/Berlin] Invalid input
[21-Sep-2024 19:08:21 Europe/Berlin] Invalid input
[21-Sep-2024 19:09:39 Europe/Berlin] Invalid input
[21-Sep-2024 19:10:01 Europe/Berlin] Invalid input
[21-Sep-2024 19:11:34 Europe/Berlin] Invalid input
[21-Sep-2024 19:11:34 Europe/Berlin] Invalid input
[21-Sep-2024 19:12:44 Europe/Berlin] Invalid input
[21-Sep-2024 19:12:44 Europe/Berlin] Invalid input
[21-Sep-2024 19:25:49 Europe/Berlin] Invalid input
[21-Sep-2024 19:25:49 Europe/Berlin] Invalid input
[21-Sep-2024 19:36:26 Europe/Berlin] Invalid input
[21-Sep-2024 19:48:40 Europe/Berlin] Invalid input
[21-Sep-2024 19:48:40 Europe/Berlin] Invalid input
[21-Sep-2024 19:52:02 Europe/Berlin] Invalid input
[21-Sep-2024 19:52:02 Europe/Berlin] Invalid input
[21-Sep-2024 19:54:12 Europe/Berlin] Invalid input
[21-Sep-2024 19:54:12 Europe/Berlin] Invalid input
[21-Sep-2024 19:56:13 Europe/Berlin] Invalid input
[21-Sep-2024 19:56:13 Europe/Berlin] Invalid input
[21-Sep-2024 19:58:38 Europe/Berlin] Invalid input
[21-Sep-2024 19:58:38 Europe/Berlin] Invalid input
[21-Sep-2024 20:02:30 Europe/Berlin] Invalid input
[21-Sep-2024 20:02:30 Europe/Berlin] Invalid input
[22-Sep-2024 09:09:51 Europe/Berlin] Invalid input
[22-Sep-2024 09:09:51 Europe/Berlin] Invalid input
[22-Sep-2024 09:21:35 Europe/Berlin] Invalid input
[22-Sep-2024 09:21:44 Europe/Berlin] Invalid input
[22-Sep-2024 09:21:44 Europe/Berlin] Invalid input
[22-Sep-2024 09:32:40 Europe/Berlin] Invalid input
[22-Sep-2024 09:32:40 Europe/Berlin] Invalid input
[22-Sep-2024 09:33:01 Europe/Berlin] Invalid input
[22-Sep-2024 09:33:01 Europe/Berlin] Invalid input
[22-Sep-2024 09:45:19 Europe/Berlin] Invalid input
[22-Sep-2024 09:45:19 Europe/Berlin] Invalid input
[22-Sep-2024 09:48:09 Europe/Berlin] Invalid input
[22-Sep-2024 09:48:09 Europe/Berlin] Invalid input
[22-Sep-2024 09:56:38 Europe/Berlin] Invalid input
[22-Sep-2024 09:56:38 Europe/Berlin] Invalid input
[22-Sep-2024 10:45:30 Europe/Berlin] Invalid input
[22-Sep-2024 10:45:30 Europe/Berlin] Invalid input
[23-Sep-2024 12:16:49 Europe/Berlin] Invalid input
[23-Sep-2024 12:16:49 Europe/Berlin] Invalid input
[23-Sep-2024 13:20:49 Europe/Berlin] Invalid input
[23-Sep-2024 13:20:49 Europe/Berlin] Invalid input
[23-Sep-2024 13:49:15 Europe/Berlin] Invalid input
[23-Sep-2024 13:49:37 Europe/Berlin] Invalid input
[23-Sep-2024 13:50:47 Europe/Berlin] Invalid input
[23-Sep-2024 13:50:47 Europe/Berlin] Invalid input
[23-Sep-2024 13:52:07 Europe/Berlin] Invalid input
[23-Sep-2024 13:52:07 Europe/Berlin] Invalid input
[23-Sep-2024 13:52:30 Europe/Berlin] Invalid input
[23-Sep-2024 13:52:30 Europe/Berlin] Invalid input
[23-Sep-2024 14:01:16 Europe/Berlin] Invalid input
[23-Sep-2024 14:01:16 Europe/Berlin] Invalid input
[23-Sep-2024 14:01:16 Europe/Berlin] Invalid input
[23-Sep-2024 14:01:16 Europe/Berlin] Invalid input
[23-Sep-2024 15:05:24 Europe/Berlin] Invalid input
[23-Sep-2024 15:05:24 Europe/Berlin] Invalid input
[23-Sep-2024 15:07:40 Europe/Berlin] Invalid input
[23-Sep-2024 15:08:08 Europe/Berlin] Invalid input
[23-Sep-2024 15:08:08 Europe/Berlin] Invalid input
[23-Sep-2024 15:55:41 Europe/Berlin] Invalid input
[23-Sep-2024 15:55:41 Europe/Berlin] Invalid input
[23-Sep-2024 15:56:20 Europe/Berlin] Invalid input
[23-Sep-2024 15:56:20 Europe/Berlin] Invalid input
[23-Sep-2024 15:58:21 Europe/Berlin] Invalid input
[23-Sep-2024 16:03:13 Europe/Berlin] Invalid input
[23-Sep-2024 16:03:13 Europe/Berlin] Invalid input
[23-Sep-2024 16:03:42 Europe/Berlin] Invalid input
[23-Sep-2024 16:03:42 Europe/Berlin] Invalid input
[23-Sep-2024 16:03:51 Europe/Berlin] Invalid input
[23-Sep-2024 16:03:51 Europe/Berlin] Invalid input
[23-Sep-2024 16:07:35 Europe/Berlin] Invalid input
[23-Sep-2024 16:07:50 Europe/Berlin] Invalid input
[23-Sep-2024 16:07:50 Europe/Berlin] Invalid input
[23-Sep-2024 16:16:55 Europe/Berlin] Invalid input
[23-Sep-2024 16:16:55 Europe/Berlin] Invalid input
[23-Sep-2024 16:17:08 Europe/Berlin] Invalid input
[23-Sep-2024 16:17:08 Europe/Berlin] Invalid input
[23-Sep-2024 16:17:33 Europe/Berlin] Invalid input
[23-Sep-2024 16:17:33 Europe/Berlin] Invalid input
[23-Sep-2024 16:19:16 Europe/Berlin] Invalid input
[23-Sep-2024 16:19:16 Europe/Berlin] Invalid input
[24-Sep-2024 12:21:23 Europe/Berlin] Invalid input
[24-Sep-2024 12:21:23 Europe/Berlin] Invalid input
[24-Sep-2024 12:28:11 Europe/Berlin] Invalid input
[24-Sep-2024 12:28:11 Europe/Berlin] Invalid input
[24-Sep-2024 12:35:34 Europe/Berlin] Invalid input
[24-Sep-2024 12:50:22 Europe/Berlin] Invalid input
[24-Sep-2024 14:31:23 Europe/Berlin] Invalid input
[24-Sep-2024 14:31:24 Europe/Berlin] Invalid input
[24-Sep-2024 14:32:24 Europe/Berlin] Invalid input
[24-Sep-2024 14:32:24 Europe/Berlin] Invalid input
[24-Sep-2024 14:39:44 Europe/Berlin] Invalid input
[24-Sep-2024 14:39:44 Europe/Berlin] Invalid input
[24-Sep-2024 14:45:40 Europe/Berlin] Invalid input
[24-Sep-2024 14:45:40 Europe/Berlin] Invalid input
[24-Sep-2024 14:57:05 Europe/Berlin] Invalid input
[24-Sep-2024 14:57:05 Europe/Berlin] Invalid input
[24-Sep-2024 15:01:52 Europe/Berlin] Invalid input
[24-Sep-2024 15:01:52 Europe/Berlin] Invalid input
[24-Sep-2024 15:03:17 Europe/Berlin] Invalid input
[24-Sep-2024 15:03:17 Europe/Berlin] Invalid input
[24-Sep-2024 17:57:35 Europe/Berlin] Invalid input
[24-Sep-2024 17:57:35 Europe/Berlin] Invalid input
[24-Sep-2024 18:02:10 Europe/Berlin] Invalid input
[24-Sep-2024 18:09:38 Europe/Berlin] Invalid input
[24-Sep-2024 18:12:19 Europe/Berlin] Invalid input
[24-Sep-2024 18:12:19 Europe/Berlin] Invalid input
[24-Sep-2024 18:13:35 Europe/Berlin] Invalid input
[24-Sep-2024 18:13:35 Europe/Berlin] Invalid input
[24-Sep-2024 18:14:04 Europe/Berlin] Invalid input
[24-Sep-2024 18:14:04 Europe/Berlin] Invalid input
[24-Sep-2024 18:14:45 Europe/Berlin] Invalid input
[24-Sep-2024 18:14:45 Europe/Berlin] Invalid input
[24-Sep-2024 18:18:54 Europe/Berlin] Invalid input
[24-Sep-2024 18:18:54 Europe/Berlin] Invalid input
[24-Sep-2024 18:22:08 Europe/Berlin] Invalid input
[24-Sep-2024 18:22:08 Europe/Berlin] Invalid input
[24-Sep-2024 18:22:24 Europe/Berlin] Invalid input
[24-Sep-2024 18:22:24 Europe/Berlin] Invalid input
[24-Sep-2024 18:29:59 Europe/Berlin] Invalid input
[24-Sep-2024 18:43:06 Europe/Berlin] Invalid input
[24-Sep-2024 18:55:39 Europe/Berlin] Invalid input
[24-Sep-2024 18:57:11 Europe/Berlin] Invalid input
[24-Sep-2024 18:59:40 Europe/Berlin] Invalid input
[25-Sep-2024 10:37:53 Europe/Berlin] Invalid input
[25-Sep-2024 10:37:53 Europe/Berlin] Invalid input
[25-Sep-2024 10:39:43 Europe/Berlin] Invalid input
[25-Sep-2024 10:39:43 Europe/Berlin] Invalid input
[25-Sep-2024 10:43:18 Europe/Berlin] Invalid input
[25-Sep-2024 10:43:18 Europe/Berlin] Invalid input
[25-Sep-2024 10:46:34 Europe/Berlin] Invalid input
[25-Sep-2024 10:46:34 Europe/Berlin] Invalid input
[25-Sep-2024 10:48:39 Europe/Berlin] Invalid input
[25-Sep-2024 11:13:16 Europe/Berlin] Invalid input
[25-Sep-2024 11:13:16 Europe/Berlin] Invalid input
[25-Sep-2024 11:16:13 Europe/Berlin] Invalid input
[25-Sep-2024 11:16:13 Europe/Berlin] Invalid input
[25-Sep-2024 11:18:03 Europe/Berlin] Invalid input
[25-Sep-2024 11:18:03 Europe/Berlin] Invalid input
[25-Sep-2024 11:20:12 Europe/Berlin] Invalid input
[25-Sep-2024 11:20:12 Europe/Berlin] Invalid input
[25-Sep-2024 11:20:49 Europe/Berlin] Invalid input
[25-Sep-2024 11:20:49 Europe/Berlin] Invalid input
[25-Sep-2024 11:22:00 Europe/Berlin] Invalid input
[25-Sep-2024 11:22:00 Europe/Berlin] Invalid input
[25-Sep-2024 14:49:07 Europe/Berlin] Invalid input
[25-Sep-2024 14:49:07 Europe/Berlin] Invalid input
[25-Sep-2024 15:12:52 Europe/Berlin] Invalid input
[25-Sep-2024 15:13:26 Europe/Berlin] Invalid input
[25-Sep-2024 15:13:26 Europe/Berlin] Invalid input
[25-Sep-2024 15:34:51 Europe/Berlin] Invalid input
[25-Sep-2024 15:35:54 Europe/Berlin] Invalid input
[25-Sep-2024 15:35:54 Europe/Berlin] Invalid input
[25-Sep-2024 15:36:10 Europe/Berlin] Invalid input
[25-Sep-2024 15:36:10 Europe/Berlin] Invalid input
[25-Sep-2024 15:44:14 Europe/Berlin] Invalid input
[25-Sep-2024 15:44:14 Europe/Berlin] Invalid input
[25-Sep-2024 15:48:59 Europe/Berlin] Invalid input
[25-Sep-2024 15:48:59 Europe/Berlin] Invalid input
[26-Sep-2024 08:55:29 Europe/Berlin] Invalid input
[26-Sep-2024 08:55:29 Europe/Berlin] Invalid input
[27-Sep-2024 17:45:17 Europe/Berlin] Invalid input
[27-Sep-2024 17:45:17 Europe/Berlin] Invalid input
[27-Sep-2024 17:48:22 Europe/Berlin] Invalid input
[27-Sep-2024 17:48:22 Europe/Berlin] Invalid input
[27-Sep-2024 18:08:03 Europe/Berlin] Invalid input
[27-Sep-2024 18:08:03 Europe/Berlin] Invalid input
[27-Sep-2024 18:08:13 Europe/Berlin] Invalid input
[27-Sep-2024 18:08:13 Europe/Berlin] Invalid input
[27-Sep-2024 18:14:48 Europe/Berlin] Invalid input
[27-Sep-2024 18:14:48 Europe/Berlin] Invalid input
[27-Sep-2024 18:16:39 Europe/Berlin] Invalid input
[27-Sep-2024 18:16:39 Europe/Berlin] Invalid input
[30-Sep-2024 21:03:37 Europe/Berlin] Invalid input
[30-Sep-2024 21:03:37 Europe/Berlin] Invalid input
[01-Oct-2024 08:35:53 Europe/Berlin] Invalid input
[01-Oct-2024 08:35:53 Europe/Berlin] Invalid input
[03-Oct-2024 22:46:17 Europe/Berlin] Invalid input
[03-Oct-2024 22:46:17 Europe/Berlin] Invalid input
[04-Oct-2024 16:19:43 Europe/Berlin] Invalid input
[04-Oct-2024 16:19:43 Europe/Berlin] Invalid input
[06-Oct-2024 14:52:31 Europe/Berlin] Invalid input
[06-Oct-2024 14:52:31 Europe/Berlin] Invalid input
[06-Oct-2024 15:17:25 Europe/Berlin] Invalid input
[06-Oct-2024 15:17:25 Europe/Berlin] Invalid input
[06-Oct-2024 15:17:32 Europe/Berlin] Invalid input
[06-Oct-2024 15:17:32 Europe/Berlin] Invalid input
[06-Oct-2024 21:50:38 Europe/Berlin] Invalid input
[06-Oct-2024 21:50:38 Europe/Berlin] Invalid input
[06-Oct-2024 21:51:01 Europe/Berlin] Invalid input
[06-Oct-2024 21:51:01 Europe/Berlin] Invalid input
[06-Oct-2024 21:52:34 Europe/Berlin] Invalid input
[06-Oct-2024 21:52:34 Europe/Berlin] Invalid input
[07-Oct-2024 13:37:48 Europe/Berlin] Invalid input
[07-Oct-2024 13:37:48 Europe/Berlin] Invalid input
[07-Oct-2024 13:39:03 Europe/Berlin] Invalid input
[07-Oct-2024 13:39:03 Europe/Berlin] Invalid input
[12-Oct-2024 13:17:28 Europe/Berlin] Invalid input
[12-Oct-2024 13:17:28 Europe/Berlin] Invalid input
[12-Oct-2024 13:21:08 Europe/Berlin] Invalid input
[12-Oct-2024 13:21:08 Europe/Berlin] Invalid input
[12-Oct-2024 13:21:14 Europe/Berlin] Invalid input
[12-Oct-2024 13:21:14 Europe/Berlin] Invalid input
[12-Oct-2024 13:23:39 Europe/Berlin] Invalid input
[12-Oct-2024 13:23:39 Europe/Berlin] Invalid input
[12-Oct-2024 13:23:49 Europe/Berlin] Invalid input
[12-Oct-2024 13:23:49 Europe/Berlin] Invalid input
[12-Oct-2024 13:23:58 Europe/Berlin] Invalid input
[12-Oct-2024 13:23:58 Europe/Berlin] Invalid input
[12-Oct-2024 13:31:43 Europe/Berlin] Invalid input
[12-Oct-2024 13:31:43 Europe/Berlin] Invalid input
[12-Oct-2024 13:34:17 Europe/Berlin] Invalid input
[12-Oct-2024 13:34:17 Europe/Berlin] Invalid input
[12-Oct-2024 13:35:11 Europe/Berlin] Invalid input
[12-Oct-2024 13:35:11 Europe/Berlin] Invalid input
[12-Oct-2024 13:36:00 Europe/Berlin] Invalid input
[12-Oct-2024 13:36:00 Europe/Berlin] Invalid input
[12-Oct-2024 13:41:31 Europe/Berlin] Invalid input
[12-Oct-2024 13:41:31 Europe/Berlin] Invalid input
[12-Oct-2024 13:42:30 Europe/Berlin] Invalid input
[12-Oct-2024 13:42:30 Europe/Berlin] Invalid input
[12-Oct-2024 13:44:45 Europe/Berlin] Invalid input
[12-Oct-2024 13:44:45 Europe/Berlin] Invalid input
[13-Oct-2024 11:01:17 Europe/Berlin] Invalid input
[13-Oct-2024 11:01:17 Europe/Berlin] Invalid input
[13-Oct-2024 11:53:36 Europe/Berlin] Invalid input
[13-Oct-2024 11:53:36 Europe/Berlin] Invalid input
[13-Oct-2024 12:01:59 Europe/Berlin] Invalid input
[13-Oct-2024 12:01:59 Europe/Berlin] Invalid input
[13-Oct-2024 12:06:26 Europe/Berlin] Invalid input
[13-Oct-2024 12:06:26 Europe/Berlin] Invalid input
[13-Oct-2024 12:07:21 Europe/Berlin] Invalid input
[13-Oct-2024 12:07:21 Europe/Berlin] Invalid input
[13-Oct-2024 12:08:01 Europe/Berlin] Invalid input
[13-Oct-2024 12:08:01 Europe/Berlin] Invalid input
[13-Oct-2024 12:08:24 Europe/Berlin] Invalid input
[13-Oct-2024 12:08:24 Europe/Berlin] Invalid input
[23-Nov-2024 12:10:29 Europe/Berlin] Invalid input
[23-Nov-2024 12:10:29 Europe/Berlin] Invalid input
[23-Nov-2024 12:13:36 Europe/Berlin] Invalid input
[23-Nov-2024 12:13:36 Europe/Berlin] Invalid input
[01-Dec-2024 12:30:52 Europe/Berlin] Invalid input
[01-Dec-2024 12:30:52 Europe/Berlin] Invalid input
